<?xml version="1.0" encoding="UTF-8"?>
<testng-results skipped="0" failed="0" ignored="0" total="5" passed="5">
  <reporter-output>
  </reporter-output>
  <suite name="Suite" duration-ms="166353" started-at="2018-02-15T10:25:47Z" finished-at="2018-02-15T10:28:34Z">
    <groups>
    </groups>
    <test name="Test" duration-ms="166353" started-at="2018-02-15T10:25:47Z" finished-at="2018-02-15T10:28:34Z">
      <class name="com.wipro.testcaes.RegAndAddToCartTcase">
        <test-method status="PASS" signature="extendreports()[pri:0, instance:com.wipro.testcaes.RegAndAddToCartTcase@59fa1d9b]" name="extendreports" is-config="true" duration-ms="212" started-at="2018-02-15T15:55:47Z" finished-at="2018-02-15T15:55:47Z">
          <reporter-output>
          </reporter-output>
        </test-method> <!-- extendreports -->
        <test-method status="PASS" signature="launchBrowser(java.lang.String)[pri:0, instance:com.wipro.testcaes.RegAndAddToCartTcase@59fa1d9b]" name="launchBrowser" is-config="true" duration-ms="4771" started-at="2018-02-15T15:55:47Z" finished-at="2018-02-15T15:55:52Z">
          <params>
            <param index="0">
              <value>
                <![CDATA[chrome]]>
              </value>
            </param>
          </params>
          <reporter-output>
          </reporter-output>
        </test-method> <!-- launchBrowser -->
        <test-method status="PASS" signature="registration(java.lang.String, java.lang.String, java.lang.String, java.lang.String, java.lang.String, java.lang.String, java.lang.String, java.lang.String, java.lang.String, java.lang.String, java.lang.String)[pri:1, instance:com.wipro.testcaes.RegAndAddToCartTcase@59fa1d9b]" name="registration" duration-ms="3189" started-at="2018-02-15T15:55:53Z" data-provider="User Details" finished-at="2018-02-15T15:55:56Z">
          <params>
            <param index="0">
              <value>
                <![CDATA[TestingTeam]]>
              </value>
            </param>
            <param index="1">
              <value>
                <![CDATA[CHC]]>
              </value>
            </param>
            <param index="2">
              <value>
                <![CDATA[perform@gmail.com]]>
              </value>
            </param>
            <param index="3">
              <value>
                <![CDATA[1234567895]]>
              </value>
            </param>
            <param index="4">
              <value>
                <![CDATA[hyd]]>
              </value>
            </param>
            <param index="5">
              <value>
                <![CDATA[hyd]]>
              </value>
            </param>
            <param index="6">
              <value>
                <![CDATA[500000]]>
              </value>
            </param>
            <param index="7">
              <value>
                <![CDATA[India]]>
              </value>
            </param>
            <param index="8">
              <value>
                <![CDATA[Telangana]]>
              </value>
            </param>
            <param index="9">
              <value>
                <![CDATA[perf@123]]>
              </value>
            </param>
            <param index="10">
              <value>
                <![CDATA[perf@123]]>
              </value>
            </param>
          </params>
          <reporter-output>
          </reporter-output>
        </test-method> <!-- registration -->
        <test-method status="PASS" signature="addReviewOnViewedProduct(java.lang.String, java.lang.String, java.lang.String)[pri:2, instance:com.wipro.testcaes.RegAndAddToCartTcase@59fa1d9b]" name="addReviewOnViewedProduct" duration-ms="15049" started-at="2018-02-15T15:55:56Z" data-provider="ReviewInputValues" finished-at="2018-02-15T15:56:11Z">
          <params>
            <param index="0">
              <value>
                <![CDATA[xxx]]>
              </value>
            </param>
            <param index="1">
              <value>
                <![CDATA[This is the 1st review ]]>
              </value>
            </param>
            <param index="2">
              <value>
                <![CDATA[2]]>
              </value>
            </param>
          </params>
          <reporter-output>
          </reporter-output>
        </test-method> <!-- addReviewOnViewedProduct -->
        <test-method status="PASS" signature="addReviewOnViewedProduct(java.lang.String, java.lang.String, java.lang.String)[pri:2, instance:com.wipro.testcaes.RegAndAddToCartTcase@59fa1d9b]" name="addReviewOnViewedProduct" duration-ms="64001" started-at="2018-02-15T15:56:11Z" data-provider="ReviewInputValues" finished-at="2018-02-15T15:57:15Z">
          <params>
            <param index="0">
              <value>
                <![CDATA[yyy]]>
              </value>
            </param>
            <param index="1">
              <value>
                <![CDATA[This is the second review comment on this product]]>
              </value>
            </param>
            <param index="2">
              <value>
                <![CDATA[3]]>
              </value>
            </param>
          </params>
          <reporter-output>
          </reporter-output>
        </test-method> <!-- addReviewOnViewedProduct -->
        <test-method status="PASS" signature="addToWishlist()[pri:3, instance:com.wipro.testcaes.RegAndAddToCartTcase@59fa1d9b]" name="addToWishlist" duration-ms="2391" started-at="2018-02-15T15:57:15Z" finished-at="2018-02-15T15:57:18Z">
          <reporter-output>
          </reporter-output>
        </test-method> <!-- addToWishlist -->
        <test-method status="PASS" signature="addToCart()[pri:4, instance:com.wipro.testcaes.RegAndAddToCartTcase@59fa1d9b]" name="addToCart" duration-ms="70013" started-at="2018-02-15T15:57:18Z" finished-at="2018-02-15T15:58:28Z">
          <reporter-output>
          </reporter-output>
        </test-method> <!-- addToCart -->
        <test-method status="PASS" signature="logout()[pri:0, instance:com.wipro.testcaes.RegAndAddToCartTcase@59fa1d9b]" name="logout" is-config="true" duration-ms="6047" started-at="2018-02-15T15:58:28Z" finished-at="2018-02-15T15:58:34Z">
          <reporter-output>
          </reporter-output>
        </test-method> <!-- logout -->
      </class> <!-- com.wipro.testcaes.RegAndAddToCartTcase -->
    </test> <!-- Test -->
  </suite> <!-- Suite -->
</testng-results>
